<?xml version="1.0" encoding="UTF-8"?>
<testsuite name="q12.operation.OperationTest$PartDFactoryChainTests" tests="1" skipped="0" failures="0" errors="0" timestamp="2022-12-02T05:36:38" hostname="DESKTOP-7G90SB5" time="0.015">
  <properties/>
  <testcase name="testChain()" classname="q12.operation.OperationTest$PartDFactoryChainTests" time="0.015"/>
  <system-out><![CDATA[]]></system-out>
  <system-err><![CDATA[]]></system-err>
</testsuite>
