<?xml version="1.0" encoding="UTF-8"?>
<testsuite name="q12.operation.OperationTest$PartBDecorationOperationsTests" tests="3" skipped="0" failures="0" errors="0" timestamp="2022-12-02T05:36:38" hostname="DESKTOP-7G90SB5" time="0.003">
  <properties/>
  <testcase name="testThen()" classname="q12.operation.OperationTest$PartBDecorationOperationsTests" time="0.0"/>
  <testcase name="testThenChain()" classname="q12.operation.OperationTest$PartBDecorationOperationsTests" time="0.001"/>
  <testcase name="testExcept()" classname="q12.operation.OperationTest$PartBDecorationOperationsTests" time="0.001"/>
  <system-out><![CDATA[]]></system-out>
  <system-err><![CDATA[]]></system-err>
</testsuite>
